e:\myprj\c++\testprj\01_stl三大组件\作业-评委打分\x64\debug\vc143.pdb
e:\myprj\c++\testprj\01_stl三大组件\作业-评委打分\x64\debug\vc143.idb
e:\myprj\c++\testprj\01_stl三大组件\作业-评委打分\x64\debug\mydemo.obj
e:\myprj\c++\testprj\01_stl三大组件\作业-评委打分\x64\debug\作业-评委打分.ilk
e:\myprj\c++\testprj\01_stl三大组件\x64\debug\work01_评委打分.pdb
e:\myprj\c++\testprj\01_stl三大组件\作业-评委打分\x64\debug\work01_评委打分.tlog\cl.command.1.tlog
e:\myprj\c++\testprj\01_stl三大组件\作业-评委打分\x64\debug\work01_评委打分.tlog\cl.items.tlog
e:\myprj\c++\testprj\01_stl三大组件\作业-评委打分\x64\debug\work01_评委打分.tlog\cl.read.1.tlog
e:\myprj\c++\testprj\01_stl三大组件\作业-评委打分\x64\debug\work01_评委打分.tlog\cl.write.1.tlog
e:\myprj\c++\testprj\01_stl三大组件\作业-评委打分\x64\debug\work01_评委打分.tlog\link-cvtres.read.1.tlog
e:\myprj\c++\testprj\01_stl三大组件\作业-评委打分\x64\debug\work01_评委打分.tlog\link-cvtres.write.1.tlog
e:\myprj\c++\testprj\01_stl三大组件\作业-评委打分\x64\debug\work01_评委打分.tlog\link-rc.read.1.tlog
e:\myprj\c++\testprj\01_stl三大组件\作业-评委打分\x64\debug\work01_评委打分.tlog\link-rc.write.1.tlog
e:\myprj\c++\testprj\01_stl三大组件\作业-评委打分\x64\debug\work01_评委打分.tlog\link.command.1.tlog
e:\myprj\c++\testprj\01_stl三大组件\作业-评委打分\x64\debug\work01_评委打分.tlog\link.read.1.tlog
e:\myprj\c++\testprj\01_stl三大组件\作业-评委打分\x64\debug\work01_评委打分.tlog\link.read.2.tlog
e:\myprj\c++\testprj\01_stl三大组件\作业-评委打分\x64\debug\work01_评委打分.tlog\link.read.3.tlog
e:\myprj\c++\testprj\01_stl三大组件\作业-评委打分\x64\debug\work01_评委打分.tlog\link.read.4.tlog
e:\myprj\c++\testprj\01_stl三大组件\作业-评委打分\x64\debug\work01_评委打分.tlog\link.read.5.tlog
e:\myprj\c++\testprj\01_stl三大组件\作业-评委打分\x64\debug\work01_评委打分.tlog\link.write.1.tlog
