e:\myprj\c++\testprj\corecoding\corecoding\x64\debug\vc143.pdb
e:\myprj\c++\testprj\corecoding\corecoding\x64\debug\vc143.idb
e:\myprj\c++\testprj\corecoding\corecoding\x64\debug\test01.obj
e:\myprj\c++\testprj\corecoding\corecoding\x64\debug\test02.obj
e:\myprj\c++\testprj\corecoding\x64\debug\corecoding.pdb
e:\myprj\c++\testprj\corecoding\corecoding\x64\debug\corecoding.tlog\cl.command.1.tlog
e:\myprj\c++\testprj\corecoding\corecoding\x64\debug\corecoding.tlog\cl.items.tlog
e:\myprj\c++\testprj\corecoding\corecoding\x64\debug\corecoding.tlog\cl.read.1.tlog
e:\myprj\c++\testprj\corecoding\corecoding\x64\debug\corecoding.tlog\cl.write.1.tlog
e:\myprj\c++\testprj\corecoding\corecoding\x64\debug\corecoding.tlog\link-cvtres.read.1.tlog
e:\myprj\c++\testprj\corecoding\corecoding\x64\debug\corecoding.tlog\link-cvtres.write.1.tlog
e:\myprj\c++\testprj\corecoding\corecoding\x64\debug\corecoding.tlog\link-rc.read.1.tlog
e:\myprj\c++\testprj\corecoding\corecoding\x64\debug\corecoding.tlog\link-rc.write.1.tlog
e:\myprj\c++\testprj\corecoding\corecoding\x64\debug\corecoding.tlog\link.6428-cvtres.read.1.tlog
e:\myprj\c++\testprj\corecoding\corecoding\x64\debug\corecoding.tlog\link.6428-cvtres.write.1.tlog
e:\myprj\c++\testprj\corecoding\corecoding\x64\debug\corecoding.tlog\link.6428-rc.read.1.tlog
e:\myprj\c++\testprj\corecoding\corecoding\x64\debug\corecoding.tlog\link.6428-rc.write.1.tlog
e:\myprj\c++\testprj\corecoding\corecoding\x64\debug\corecoding.tlog\link.6428.read.1.tlog
e:\myprj\c++\testprj\corecoding\corecoding\x64\debug\corecoding.tlog\link.6428.read.2.tlog
e:\myprj\c++\testprj\corecoding\corecoding\x64\debug\corecoding.tlog\link.6428.read.3.tlog
e:\myprj\c++\testprj\corecoding\corecoding\x64\debug\corecoding.tlog\link.6428.read.4.tlog
e:\myprj\c++\testprj\corecoding\corecoding\x64\debug\corecoding.tlog\link.6428.write.1.tlog
e:\myprj\c++\testprj\corecoding\corecoding\x64\debug\corecoding.tlog\link.command.1.tlog
e:\myprj\c++\testprj\corecoding\corecoding\x64\debug\corecoding.tlog\link.read.1.tlog
e:\myprj\c++\testprj\corecoding\corecoding\x64\debug\corecoding.tlog\link.read.2.tlog
e:\myprj\c++\testprj\corecoding\corecoding\x64\debug\corecoding.tlog\link.read.3.tlog
e:\myprj\c++\testprj\corecoding\corecoding\x64\debug\corecoding.tlog\link.read.4.tlog
e:\myprj\c++\testprj\corecoding\corecoding\x64\debug\corecoding.tlog\link.write.1.tlog
