  myDemo.cpp
D:\Microsoft Visual Studio\2022\Professional\VC\Tools\MSVC\14.37.32822\include\list(1664,58): error C2678: 二进制“==”: 没有找到接受“const _Ty”类型的左操作数的运算符(或没有可接受的转换)
          with
          [
              _Ty=Person
          ]
E:\myPrj\C++\testPrj\01_STL三大组件\08_list容器\myDemo.cpp(78,7): message : 可能是“bool Person::operator ==(const Person &)”
D:\Microsoft Visual Studio\2022\Professional\VC\Tools\MSVC\14.37.32822\include\list(1876,17): message : 或    “bool std::operator ==(const std::list<_Ty,_Alloc> &,const std::list<_Ty,_Alloc> &)”
D:\Microsoft Visual Studio\2022\Professional\VC\Tools\MSVC\14.37.32822\include\list(1664,58): message : “bool std::operator ==(const std::list<_Ty,_Alloc> &,const std::list<_Ty,_Alloc> &)”: 无法从“const _Ty”推导出“const std::list<_Ty,_Alloc> &”的 模板 参数
          with
          [
              _Ty=Person
          ]
D:\Microsoft Visual Studio\2022\Professional\VC\Tools\MSVC\14.37.32822\include\memory(3567,17): message : 或    “bool std::operator ==(std::nullptr_t,const std::unique_ptr<_Ty,_Dx> &) noexcept”
D:\Microsoft Visual Studio\2022\Professional\VC\Tools\MSVC\14.37.32822\include\list(1664,58): message : “bool std::operator ==(std::nullptr_t,const std::unique_ptr<_Ty,_Dx> &) noexcept”: 无法从“const _Ty”推导出“const std::unique_ptr<_Ty,_Dx> &”的 模板 参数
          with
          [
              _Ty=Person
          ]
D:\Microsoft Visual Studio\2022\Professional\VC\Tools\MSVC\14.37.32822\include\memory(3561,30): message : 或    “bool std::operator ==(const std::unique_ptr<_Ty,_Dx> &,std::nullptr_t) noexcept”
D:\Microsoft Visual Studio\2022\Professional\VC\Tools\MSVC\14.37.32822\include\list(1664,58): message : “bool std::operator ==(const std::unique_ptr<_Ty,_Dx> &,std::nullptr_t) noexcept”: 无法从“const _Ty”推导出“const std::unique_ptr<_Ty,_Dx> &”的 模板 参数
          with
          [
              _Ty=Person
          ]
D:\Microsoft Visual Studio\2022\Professional\VC\Tools\MSVC\14.37.32822\include\memory(3513,30): message : 或    “bool std::operator ==(const std::unique_ptr<_Ty,_Dx> &,const std::unique_ptr<_Ty2,_Dx2> &)”
D:\Microsoft Visual Studio\2022\Professional\VC\Tools\MSVC\14.37.32822\include\list(1664,58): message : “bool std::operator ==(const std::unique_ptr<_Ty,_Dx> &,const std::unique_ptr<_Ty2,_Dx2> &)”: 无法从“const _Ty”推导出“const std::unique_ptr<_Ty,_Dx> &”的 模板 参数
          with
          [
              _Ty=Person
          ]
D:\Microsoft Visual Studio\2022\Professional\VC\Tools\MSVC\14.37.32822\include\memory(1932,17): message : 或    “bool std::operator ==(std::nullptr_t,const std::shared_ptr<_Ty> &) noexcept”
D:\Microsoft Visual Studio\2022\Professional\VC\Tools\MSVC\14.37.32822\include\list(1664,58): message : “bool std::operator ==(std::nullptr_t,const std::shared_ptr<_Ty> &) noexcept”: 无法从“const _Ty”推导出“const std::shared_ptr<_Ty> &”的 模板 参数
          with
          [
              _Ty=Person
          ]
D:\Microsoft Visual Studio\2022\Professional\VC\Tools\MSVC\14.37.32822\include\memory(1921,17): message : 或    “bool std::operator ==(const std::shared_ptr<_Ty> &,std::nullptr_t) noexcept”
D:\Microsoft Visual Studio\2022\Professional\VC\Tools\MSVC\14.37.32822\include\list(1664,58): message : “bool std::operator ==(const std::shared_ptr<_Ty> &,std::nullptr_t) noexcept”: 无法从“const _Ty”推导出“const std::shared_ptr<_Ty> &”的 模板 参数
          with
          [
              _Ty=Person
          ]
D:\Microsoft Visual Studio\2022\Professional\VC\Tools\MSVC\14.37.32822\include\memory(1879,17): message : 或    “bool std::operator ==(const std::shared_ptr<_Ty> &,const std::shared_ptr<_Ty0> &) noexcept”
D:\Microsoft Visual Studio\2022\Professional\VC\Tools\MSVC\14.37.32822\include\list(1664,58): message : “bool std::operator ==(const std::shared_ptr<_Ty> &,const std::shared_ptr<_Ty0> &) noexcept”: 无法从“const _Ty”推导出“const std::shared_ptr<_Ty> &”的 模板 参数
          with
          [
              _Ty=Person
          ]
D:\Microsoft Visual Studio\2022\Professional\VC\Tools\MSVC\14.37.32822\include\xstring(5034,17): message : 或    “bool std::operator ==(const _Elem *const ,const std::basic_string<_Elem,_Traits,_Alloc> &)”
D:\Microsoft Visual Studio\2022\Professional\VC\Tools\MSVC\14.37.32822\include\list(1664,58): message : “bool std::operator ==(const _Elem *const ,const std::basic_string<_Elem,_Traits,_Alloc> &)”: 无法从“const _Ty”推导出“const _Elem *const ”的 模板 参数
          with
          [
              _Ty=Person
          ]
D:\Microsoft Visual Studio\2022\Professional\VC\Tools\MSVC\14.37.32822\include\xstring(5015,30): message : 或    “bool std::operator ==(const std::basic_string<_Elem,_Traits,_Alloc> &,const _Elem *const )”
D:\Microsoft Visual Studio\2022\Professional\VC\Tools\MSVC\14.37.32822\include\list(1664,58): message : “bool std::operator ==(const std::basic_string<_Elem,_Traits,_Alloc> &,const _Elem *const )”: 无法从“const _Ty”推导出“const std::basic_string<_Elem,_Traits,_Alloc> &”的 模板 参数
          with
          [
              _Ty=Person
          ]
D:\Microsoft Visual Studio\2022\Professional\VC\Tools\MSVC\14.37.32822\include\xstring(5009,30): message : 或    “bool std::operator ==(const std::basic_string<_Elem,_Traits,_Alloc> &,const std::basic_string<_Elem,_Traits,_Alloc> &) noexcept”
D:\Microsoft Visual Studio\2022\Professional\VC\Tools\MSVC\14.37.32822\include\list(1664,58): message : “bool std::operator ==(const std::basic_string<_Elem,_Traits,_Alloc> &,const std::basic_string<_Elem,_Traits,_Alloc> &) noexcept”: 无法从“const _Ty”推导出“const std::basic_string<_Elem,_Traits,_Alloc> &”的 模板 参数
          with
          [
              _Ty=Person
          ]
D:\Microsoft Visual Studio\2022\Professional\VC\Tools\MSVC\14.37.32822\include\xmemory(1034,30): message : 或    “bool std::operator ==(const std::allocator<_Ty> &,const std::allocator<_Other> &) noexcept”
D:\Microsoft Visual Studio\2022\Professional\VC\Tools\MSVC\14.37.32822\include\list(1664,58): message : “bool std::operator ==(const std::allocator<_Ty> &,const std::allocator<_Other> &) noexcept”: 无法从“const _Ty”推导出“const std::allocator<_Ty> &”的 模板 参数
          with
          [
              _Ty=Person
          ]
D:\Microsoft Visual Studio\2022\Professional\VC\Tools\MSVC\14.37.32822\include\iterator(489,17): message : 或    “bool std::operator ==(const std::istreambuf_iterator<_Elem,_Traits> &,const std::istreambuf_iterator<_Elem,_Traits> &)”
D:\Microsoft Visual Studio\2022\Professional\VC\Tools\MSVC\14.37.32822\include\list(1664,58): message : “bool std::operator ==(const std::istreambuf_iterator<_Elem,_Traits> &,const std::istreambuf_iterator<_Elem,_Traits> &)”: 无法从“const _Ty”推导出“const std::istreambuf_iterator<_Elem,_Traits> &”的 模板 参数
          with
          [
              _Ty=Person
          ]
D:\Microsoft Visual Studio\2022\Professional\VC\Tools\MSVC\14.37.32822\include\iterator(307,17): message : 或    “bool std::operator ==(const std::istream_iterator<_Ty,_Elem,_Traits,_Diff> &,const std::istream_iterator<_Ty,_Elem,_Traits,_Diff> &) noexcept”
D:\Microsoft Visual Studio\2022\Professional\VC\Tools\MSVC\14.37.32822\include\list(1664,58): message : “bool std::operator ==(const std::istream_iterator<_Ty,_Elem,_Traits,_Diff> &,const std::istream_iterator<_Ty,_Elem,_Traits,_Diff> &) noexcept”: 无法从“const _Ty”推导出“const std::istream_iterator<_Ty,_Elem,_Traits,_Diff> &”的 模板 参数
          with
          [
              _Ty=Person
          ]
D:\Microsoft Visual Studio\2022\Professional\VC\Tools\MSVC\14.37.32822\include\xutility(4264,5): message : 或    “bool std::operator ==(const std::move_iterator<_Iter> &,const std::move_iterator<_Iter2> &) noexcept(<expr>)”
D:\Microsoft Visual Studio\2022\Professional\VC\Tools\MSVC\14.37.32822\include\list(1664,58): message : “bool std::operator ==(const std::move_iterator<_Iter> &,const std::move_iterator<_Iter2> &) noexcept(<expr>)”: 无法从“const _Ty”推导出“const std::move_iterator<_Iter> &”的 模板 参数
          with
          [
              _Ty=Person
          ]
D:\Microsoft Visual Studio\2022\Professional\VC\Tools\MSVC\14.37.32822\include\xutility(1656,5): message : 或    “bool std::operator ==(const std::reverse_iterator<_BidIt> &,const std::reverse_iterator<_BidIt2> &) noexcept(<expr>)”
D:\Microsoft Visual Studio\2022\Professional\VC\Tools\MSVC\14.37.32822\include\list(1664,58): message : “bool std::operator ==(const std::reverse_iterator<_BidIt> &,const std::reverse_iterator<_BidIt2> &) noexcept(<expr>)”: 无法从“const _Ty”推导出“const std::reverse_iterator<_BidIt> &”的 模板 参数
          with
          [
              _Ty=Person
          ]
D:\Microsoft Visual Studio\2022\Professional\VC\Tools\MSVC\14.37.32822\include\utility(482,27): message : 或    “bool std::operator ==(const std::pair<_Ty1,_Ty2> &,const std::pair<_Uty1,_Uty2> &)”
D:\Microsoft Visual Studio\2022\Professional\VC\Tools\MSVC\14.37.32822\include\list(1664,58): message : “bool std::operator ==(const std::pair<_Ty1,_Ty2> &,const std::pair<_Uty1,_Uty2> &)”: 无法从“const _Ty”推导出“const std::pair<_Ty1,_Ty2> &”的 模板 参数
          with
          [
              _Ty=Person
          ]
D:\Microsoft Visual Studio\2022\Professional\VC\Tools\MSVC\14.37.32822\include\list(1664,58): message : 尝试匹配参数列表“(const _Ty, const _Ty)”时
          with
          [
              _Ty=Person
          ]
D:\Microsoft Visual Studio\2022\Professional\VC\Tools\MSVC\14.37.32822\include\list(1663,10): message : 在编译 类 模板 成员函数“auto std::list<Person,std::allocator<Person>>::remove(const _Ty &)”时
          with
          [
              _Ty=Person
          ]
E:\myPrj\C++\testPrj\01_STL三大组件\08_list容器\myDemo.cpp(101,15): message : 查看对正在编译的 类 模板 实例化“std::list<Person,std::allocator<Person>>”的引用
D:\Microsoft Visual Studio\2022\Professional\VC\Tools\MSVC\14.37.32822\include\list(1675,22): error C2451: 类型为“void”的条件表达式无效
D:\Microsoft Visual Studio\2022\Professional\VC\Tools\MSVC\14.37.32822\include\list(1675,22): message : void 类型的表达式不能转换为其他类型
D:\Microsoft Visual Studio\2022\Professional\VC\Tools\MSVC\14.37.32822\include\list(1664,16): message : 查看对正在编译的函数 模板 实例化“auto std::list<Person,std::allocator<Person>>::remove_if<std::list<Person,std::allocator<Person>>::remove::<lambda_1>>(_Pr1)”的引用
          with
          [
              _Pr1=std::list<Person,std::allocator<Person>>::remove::<lambda_1>
          ]
